c:\users\john\desktop\clrs\clrs2.1.2\clrs2.1.2\debug\clrs2.1.2.pch
c:\users\john\desktop\clrs\clrs2.1.2\clrs2.1.2\debug\vc120.pdb
c:\users\john\desktop\clrs\clrs2.1.2\clrs2.1.2\debug\vc120.idb
c:\users\john\desktop\clrs\clrs2.1.2\clrs2.1.2\debug\stdafx.obj
c:\users\john\desktop\clrs\clrs2.1.2\clrs2.1.2\debug\clrs2.1.2.obj
c:\users\john\desktop\clrs\clrs2.1.2\debug\clrs2.1.2.ilk
c:\users\john\desktop\clrs\clrs2.1.2\debug\clrs2.1.2.exe
c:\users\john\desktop\clrs\clrs2.1.2\debug\clrs2.1.2.pdb
c:\users\pxjw\onedrive\code\clrs\clrs2.1.2\clrs2.1.2\debug\clrs2.1.2.obj
c:\users\pxjw\onedrive\code\clrs\clrs2.1.2\clrs2.1.2\debug\stdafx.obj
c:\users\pxjw\onedrive\code\clrs\clrs2.1.2\clrs2.1.2\debug\clrs2.1.2.pch
c:\users\pxjw\onedrive\code\clrs\clrs2.1.2\clrs2.1.2\debug\vc120.idb
c:\users\pxjw\onedrive\code\clrs\clrs2.1.2\clrs2.1.2\debug\vc120.pdb
c:\users\pxjw\onedrive\code\clrs\clrs2.1.2\debug\clrs2.1.2.pdb
c:\users\pxjw\onedrive\code\clrs\clrs2.1.2\debug\clrs2.1.2.exe
c:\users\pxjw\onedrive\code\clrs\clrs2.1.2\debug\clrs2.1.2.ilk
c:\users\pxjw\onedrive\code\clrs\clrs2.1.2\clrs2.1.2\debug\clrs2.1.2.tlog\cl.command.1.tlog
c:\users\pxjw\onedrive\code\clrs\clrs2.1.2\clrs2.1.2\debug\clrs2.1.2.tlog\cl.read.1.tlog
c:\users\pxjw\onedrive\code\clrs\clrs2.1.2\clrs2.1.2\debug\clrs2.1.2.tlog\cl.write.1.tlog
c:\users\pxjw\onedrive\code\clrs\clrs2.1.2\clrs2.1.2\debug\clrs2.1.2.tlog\link.command.1.tlog
c:\users\pxjw\onedrive\code\clrs\clrs2.1.2\clrs2.1.2\debug\clrs2.1.2.tlog\link.read.1.tlog
c:\users\pxjw\onedrive\code\clrs\clrs2.1.2\clrs2.1.2\debug\clrs2.1.2.tlog\link.write.1.tlog
