c:\users\john\desktop\clrs\clrs2.1.4\clrs2.1.4\debug\clrs2.1.4.pch
c:\users\john\desktop\clrs\clrs2.1.4\clrs2.1.4\debug\vc120.pdb
c:\users\john\desktop\clrs\clrs2.1.4\clrs2.1.4\debug\vc120.idb
c:\users\john\desktop\clrs\clrs2.1.4\clrs2.1.4\debug\stdafx.obj
c:\users\john\desktop\clrs\clrs2.1.4\clrs2.1.4\debug\clrs2.1.4.obj
c:\users\john\desktop\clrs\clrs2.1.4\debug\clrs2.1.4.ilk
c:\users\john\desktop\clrs\clrs2.1.4\debug\clrs2.1.4.exe
c:\users\john\desktop\clrs\clrs2.1.4\debug\clrs2.1.4.pdb
c:\users\pxjw\onedrive\code\clrs\clrs2.1.4\clrs2.1.4\debug\clrs2.1.4.obj
c:\users\pxjw\onedrive\code\clrs\clrs2.1.4\clrs2.1.4\debug\stdafx.obj
c:\users\pxjw\onedrive\code\clrs\clrs2.1.4\clrs2.1.4\debug\clrs2.1.4.pch
c:\users\pxjw\onedrive\code\clrs\clrs2.1.4\clrs2.1.4\debug\vc120.idb
c:\users\pxjw\onedrive\code\clrs\clrs2.1.4\clrs2.1.4\debug\vc120.pdb
c:\users\pxjw\onedrive\code\clrs\clrs2.1.4\debug\clrs2.1.4.pdb
c:\users\pxjw\onedrive\code\clrs\clrs2.1.4\debug\clrs2.1.4.exe
c:\users\pxjw\onedrive\code\clrs\clrs2.1.4\debug\clrs2.1.4.ilk
c:\users\pxjw\onedrive\code\clrs\clrs2.1.4\clrs2.1.4\debug\clrs2.1.4.tlog\cl.command.1.tlog
c:\users\pxjw\onedrive\code\clrs\clrs2.1.4\clrs2.1.4\debug\clrs2.1.4.tlog\cl.read.1.tlog
c:\users\pxjw\onedrive\code\clrs\clrs2.1.4\clrs2.1.4\debug\clrs2.1.4.tlog\cl.write.1.tlog
c:\users\pxjw\onedrive\code\clrs\clrs2.1.4\clrs2.1.4\debug\clrs2.1.4.tlog\link.command.1.tlog
c:\users\pxjw\onedrive\code\clrs\clrs2.1.4\clrs2.1.4\debug\clrs2.1.4.tlog\link.read.1.tlog
c:\users\pxjw\onedrive\code\clrs\clrs2.1.4\clrs2.1.4\debug\clrs2.1.4.tlog\link.write.1.tlog
