c:\users\pxjw\desktop\clrs\clrs2.3.6\clrs2.3.6\debug\clrs2.3.6.pch
c:\users\pxjw\desktop\clrs\clrs2.3.6\clrs2.3.6\debug\vc120.pdb
c:\users\pxjw\desktop\clrs\clrs2.3.6\clrs2.3.6\debug\vc120.idb
c:\users\pxjw\desktop\clrs\clrs2.3.6\clrs2.3.6\debug\stdafx.obj
c:\users\pxjw\desktop\clrs\clrs2.3.6\clrs2.3.6\debug\clrs2.3.6.obj
c:\users\pxjw\onedrive\code\clrs\clrs2.3.6\clrs2.3.6\debug\clrs2.3.6.pch
c:\users\pxjw\onedrive\code\clrs\clrs2.3.6\clrs2.3.6\debug\vc120.pdb
c:\users\pxjw\onedrive\code\clrs\clrs2.3.6\clrs2.3.6\debug\vc120.idb
c:\users\pxjw\onedrive\code\clrs\clrs2.3.6\clrs2.3.6\debug\stdafx.obj
c:\users\pxjw\onedrive\code\clrs\clrs2.3.6\clrs2.3.6\debug\clrs2.3.6.obj
c:\users\pxjw\desktop\clrs\clrs2.3.6\debug\clrs2.3.6.ilk
c:\users\pxjw\desktop\clrs\clrs2.3.6\debug\clrs2.3.6.exe
c:\users\pxjw\desktop\clrs\clrs2.3.6\debug\clrs2.3.6.pdb
c:\users\pxjw\onedrive\code\clrs\clrs2.3.6\debug\clrs2.3.6.ilk
c:\users\pxjw\onedrive\code\clrs\clrs2.3.6\debug\clrs2.3.6.exe
c:\users\pxjw\onedrive\code\clrs\clrs2.3.6\debug\clrs2.3.6.pdb
c:\users\pxjw\onedrive\code\clrs\clrs2.3.6\clrs2.3.6\debug\clrs2.3.6.tlog\cl.command.1.tlog
c:\users\pxjw\onedrive\code\clrs\clrs2.3.6\clrs2.3.6\debug\clrs2.3.6.tlog\cl.read.1.tlog
c:\users\pxjw\onedrive\code\clrs\clrs2.3.6\clrs2.3.6\debug\clrs2.3.6.tlog\cl.write.1.tlog
c:\users\pxjw\onedrive\code\clrs\clrs2.3.6\clrs2.3.6\debug\clrs2.3.6.tlog\link.command.1.tlog
c:\users\pxjw\onedrive\code\clrs\clrs2.3.6\clrs2.3.6\debug\clrs2.3.6.tlog\link.read.1.tlog
c:\users\pxjw\onedrive\code\clrs\clrs2.3.6\clrs2.3.6\debug\clrs2.3.6.tlog\link.write.1.tlog
