c:\users\pxjw\desktop\clrs\clrs2.3.5\clrs2.3.5\debug\clrs2.3.5.pch
c:\users\pxjw\desktop\clrs\clrs2.3.5\clrs2.3.5\debug\vc120.pdb
c:\users\pxjw\desktop\clrs\clrs2.3.5\clrs2.3.5\debug\vc120.idb
c:\users\pxjw\desktop\clrs\clrs2.3.5\clrs2.3.5\debug\stdafx.obj
c:\users\pxjw\desktop\clrs\clrs2.3.5\clrs2.3.5\debug\clrs2.3.5.obj
c:\users\pxjw\desktop\clrs\clrs2.3.5\debug\clrs2.3.5.ilk
c:\users\pxjw\desktop\clrs\clrs2.3.5\debug\clrs2.3.5.exe
c:\users\pxjw\desktop\clrs\clrs2.3.5\debug\clrs2.3.5.pdb
c:\users\pxjw\onedrive\code\clrs\clrs2.3.5\clrs2.3.5\debug\clrs2.3.5.obj
c:\users\pxjw\onedrive\code\clrs\clrs2.3.5\clrs2.3.5\debug\stdafx.obj
c:\users\pxjw\onedrive\code\clrs\clrs2.3.5\clrs2.3.5\debug\clrs2.3.5.pch
c:\users\pxjw\onedrive\code\clrs\clrs2.3.5\clrs2.3.5\debug\vc120.idb
c:\users\pxjw\onedrive\code\clrs\clrs2.3.5\clrs2.3.5\debug\vc120.pdb
c:\users\pxjw\onedrive\code\clrs\clrs2.3.5\debug\clrs2.3.5.pdb
c:\users\pxjw\onedrive\code\clrs\clrs2.3.5\debug\clrs2.3.5.exe
c:\users\pxjw\onedrive\code\clrs\clrs2.3.5\debug\clrs2.3.5.ilk
c:\users\pxjw\onedrive\code\clrs\clrs2.3.5\clrs2.3.5\debug\clrs2.3.5.tlog\cl.command.1.tlog
c:\users\pxjw\onedrive\code\clrs\clrs2.3.5\clrs2.3.5\debug\clrs2.3.5.tlog\cl.read.1.tlog
c:\users\pxjw\onedrive\code\clrs\clrs2.3.5\clrs2.3.5\debug\clrs2.3.5.tlog\cl.write.1.tlog
c:\users\pxjw\onedrive\code\clrs\clrs2.3.5\clrs2.3.5\debug\clrs2.3.5.tlog\link.command.1.tlog
c:\users\pxjw\onedrive\code\clrs\clrs2.3.5\clrs2.3.5\debug\clrs2.3.5.tlog\link.read.1.tlog
c:\users\pxjw\onedrive\code\clrs\clrs2.3.5\clrs2.3.5\debug\clrs2.3.5.tlog\link.write.1.tlog
